::1 - - [04/Apr/2023:03:07:37 +0000] "POST /detect HTTP/1.1" 200 11 "-" "PostmanRuntime/7.29.2"
::1 - - [04/Apr/2023:03:08:52 +0000] "POST /detect HTTP/1.1" 200 11 "-" "PostmanRuntime/7.29.2"
::1 - - [04/Apr/2023:03:26:56 +0000] "POST /detect HTTP/1.1" 200 11 "-" "PostmanRuntime/7.29.2"
::1 - - [04/Apr/2023:03:27:17 +0000] "POST /detect HTTP/1.1" 200 11 "-" "PostmanRuntime/7.29.2"
::1 - - [04/Apr/2023:03:27:52 +0000] "POST /detect HTTP/1.1" 200 11 "-" "PostmanRuntime/7.29.2"
::1 - - [04/Apr/2023:03:32:55 +0000] "POST /detect HTTP/1.1" 200 11 "-" "PostmanRuntime/7.29.2"
::1 - - [04/Apr/2023:03:36:08 +0000] "POST /detect HTTP/1.1" 200 2 "-" "PostmanRuntime/7.29.2"
::1 - - [04/Apr/2023:03:39:54 +0000] "POST /detect HTTP/1.1" 200 11 "-" "PostmanRuntime/7.29.2"
::1 - - [04/Apr/2023:04:07:54 +0000] "POST /detect HTTP/1.1" 200 11 "-" "PostmanRuntime/7.29.2"
::1 - - [04/Apr/2023:04:33:29 +0000] "POST /detect HTTP/1.1" 200 11 "-" "PostmanRuntime/7.29.2"
::1 - - [04/Apr/2023:04:46:30 +0000] "POST /detect HTTP/1.1" 200 13 "-" "PostmanRuntime/7.29.2"
::1 - - [04/Apr/2023:04:46:57 +0000] "POST /detect HTTP/1.1" 200 13 "-" "PostmanRuntime/7.29.2"
::1 - - [04/Apr/2023:04:55:29 +0000] "POST /detect HTTP/1.1" 200 18 "-" "PostmanRuntime/7.29.2"
::1 - - [04/Apr/2023:04:55:57 +0000] "POST /detect HTTP/1.1" 200 18 "-" "PostmanRuntime/7.29.2"
::1 - - [04/Apr/2023:04:56:31 +0000] "POST /detect HTTP/1.1" 200 15 "-" "PostmanRuntime/7.29.2"
::1 - - [04/Apr/2023:04:56:53 +0000] "POST /detect HTTP/1.1" 200 15 "-" "PostmanRuntime/7.29.2"
::1 - - [04/Apr/2023:05:02:18 +0000] "POST /detect HTTP/1.1" 200 2 "-" "PostmanRuntime/7.29.2"
::1 - - [04/Apr/2023:05:02:45 +0000] "POST /detect HTTP/1.1" 200 15 "-" "PostmanRuntime/7.29.2"
::1 - - [04/Apr/2023:05:03:08 +0000] "POST /detect HTTP/1.1" 200 2 "-" "PostmanRuntime/7.29.2"
::1 - - [04/Apr/2023:05:03:28 +0000] "POST /detect HTTP/1.1" 200 18 "-" "PostmanRuntime/7.29.2"
::1 - - [04/Apr/2023:06:21:08 +0000] "POST /detect HTTP/1.1" 200 15 "-" "PostmanRuntime/7.29.2"
::1 - - [04/Apr/2023:06:22:42 +0000] "POST /detect HTTP/1.1" 200 15 "-" "PostmanRuntime/7.29.2"
::1 - - [04/Apr/2023:07:24:17 +0000] "POST /api/test HTTP/1.1" 200 53 "-" "PostmanRuntime/7.29.2"
::1 - - [04/Apr/2023:07:27:55 +0000] "POST /api/test HTTP/1.1" 500 52 "-" "PostmanRuntime/7.29.2"
::1 - - [04/Apr/2023:07:31:22 +0000] "POST /api/test HTTP/1.1" 500 52 "-" "PostmanRuntime/7.29.2"
::1 - - [04/Apr/2023:07:36:27 +0000] "POST /api/test HTTP/1.1" 400 128 "-" "PostmanRuntime/7.29.2"
::1 - - [04/Apr/2023:07:39:33 +0000] "POST /api/test HTTP/1.1" 400 165 "-" "PostmanRuntime/7.29.2"
::1 - - [04/Apr/2023:07:43:39 +0000] "POST /api/test HTTP/1.1" 500 187 "-" "PostmanRuntime/7.29.2"
::1 - - [04/Apr/2023:07:44:27 +0000] "POST /api/test HTTP/1.1" 500 187 "-" "PostmanRuntime/7.29.2"
::1 - - [04/Apr/2023:07:47:15 +0000] "POST /api/test HTTP/1.1" 500 187 "-" "PostmanRuntime/7.29.2"
::1 - - [04/Apr/2023:07:47:22 +0000] "POST /api/test HTTP/1.1" 500 187 "-" "PostmanRuntime/7.29.2"
::1 - - [04/Apr/2023:07:47:43 +0000] "POST /api/test HTTP/1.1" 500 187 "-" "PostmanRuntime/7.29.2"
::1 - - [04/Apr/2023:07:58:12 +0000] "POST /api/test HTTP/1.1" 500 218 "-" "PostmanRuntime/7.29.2"
::1 - - [04/Apr/2023:07:58:25 +0000] "POST /api/test HTTP/1.1" 500 214 "-" "PostmanRuntime/7.29.2"
::1 - - [04/Apr/2023:07:58:57 +0000] "POST /api/test HTTP/1.1" 500 151 "-" "PostmanRuntime/7.29.2"
::1 - - [04/Apr/2023:07:59:11 +0000] "POST /api/test HTTP/1.1" 500 143 "-" "PostmanRuntime/7.29.2"
::1 - - [04/Apr/2023:07:59:24 +0000] "POST /api/test HTTP/1.1" 200 53 "-" "PostmanRuntime/7.29.2"
::1 - - [04/Apr/2023:08:12:40 +0000] "POST /api/auth/login HTTP/1.1" 200 785 "-" "PostmanRuntime/7.29.2"
::1 - - [04/Apr/2023:08:20:03 +0000] "POST /api/test HTTP/1.1" 200 53 "-" "PostmanRuntime/7.29.2"
::1 - - [04/Apr/2023:08:27:34 +0000] "POST /api/test HTTP/1.1" 200 166 "-" "PostmanRuntime/7.29.2"
::1 - - [04/Apr/2023:08:37:01 +0000] "POST /api/auth/create-user HTTP/1.1" 404 44 "-" "PostmanRuntime/7.29.2"
::1 - - [04/Apr/2023:08:37:26 +0000] "POST /api/admin/create-user HTTP/1.1" 401 80 "-" "PostmanRuntime/7.29.2"
::1 - - [04/Apr/2023:08:37:47 +0000] "POST /api/admin/create-user HTTP/1.1" 401 80 "-" "PostmanRuntime/7.29.2"
::1 - - [04/Apr/2023:08:38:35 +0000] "POST /api/admin/create-user HTTP/1.1" 401 80 "-" "PostmanRuntime/7.29.2"
::1 - - [04/Apr/2023:08:40:53 +0000] "POST /api/admin/create-user HTTP/1.1" 401 80 "-" "PostmanRuntime/7.29.2"
::1 - - [04/Apr/2023:08:41:22 +0000] "POST /api/admin/create-user HTTP/1.1" 401 80 "-" "PostmanRuntime/7.29.2"
::1 - - [04/Apr/2023:08:41:57 +0000] "POST /api/admin/create-user HTTP/1.1" 401 80 "-" "PostmanRuntime/7.29.2"
::1 - - [04/Apr/2023:08:42:13 +0000] "POST /api/admin/create-user HTTP/1.1" 401 80 "-" "PostmanRuntime/7.29.2"
::1 - - [04/Apr/2023:08:42:39 +0000] "POST /api/admin/create-user HTTP/1.1" 401 80 "-" "PostmanRuntime/7.29.2"
::1 - - [04/Apr/2023:08:42:58 +0000] "POST /api/admin/create-user HTTP/1.1" 401 80 "-" "PostmanRuntime/7.29.2"
::1 - - [04/Apr/2023:08:45:05 +0000] "POST /api/admin/create-user HTTP/1.1" 400 56 "-" "PostmanRuntime/7.29.2"
::1 - - [04/Apr/2023:08:48:12 +0000] "POST /api/admin/create-user HTTP/1.1" 400 56 "-" "PostmanRuntime/7.29.2"
::1 - - [04/Apr/2023:08:51:52 +0000] "POST /api/admin/create-user HTTP/1.1" 400 56 "-" "PostmanRuntime/7.29.2"
::1 - - [04/Apr/2023:08:52:06 +0000] "POST /api/admin/create-user HTTP/1.1" 200 51 "-" "PostmanRuntime/7.29.2"
::1 - - [04/Apr/2023:08:54:09 +0000] "POST /api/admin/create-user HTTP/1.1" 200 51 "-" "PostmanRuntime/7.29.2"
::1 - - [04/Apr/2023:08:54:35 +0000] "POST /api/admin/create-user HTTP/1.1" 200 51 "-" "PostmanRuntime/7.29.2"
::1 - - [04/Apr/2023:08:55:36 +0000] "POST /api/admin/create-user HTTP/1.1" 200 51 "-" "PostmanRuntime/7.29.2"
::1 - - [04/Apr/2023:08:57:33 +0000] "POST /api/admin/create-user HTTP/1.1" 200 51 "-" "PostmanRuntime/7.29.2"
::1 - - [04/Apr/2023:08:59:25 +0000] "POST /api/admin/create-user HTTP/1.1" 200 51 "-" "PostmanRuntime/7.29.2"
::1 - - [04/Apr/2023:09:00:03 +0000] "POST /api/admin/create-user HTTP/1.1" 200 51 "-" "PostmanRuntime/7.29.2"
::1 - - [04/Apr/2023:09:00:27 +0000] "POST /api/admin/create-user HTTP/1.1" 200 51 "-" "PostmanRuntime/7.29.2"
::1 - - [04/Apr/2023:09:00:45 +0000] "POST /api/admin/create-user HTTP/1.1" 200 51 "-" "PostmanRuntime/7.29.2"
::1 - - [04/Apr/2023:09:01:14 +0000] "POST /api/admin/create-user HTTP/1.1" 200 51 "-" "PostmanRuntime/7.29.2"
::1 - - [04/Apr/2023:09:01:28 +0000] "POST /api/admin/create-user HTTP/1.1" 200 51 "-" "PostmanRuntime/7.29.2"
::1 - - [04/Apr/2023:09:02:22 +0000] "POST /api/admin/create-user HTTP/1.1" 200 51 "-" "PostmanRuntime/7.29.2"
::1 - - [04/Apr/2023:09:02:56 +0000] "POST /api/admin/create-user HTTP/1.1" 200 51 "-" "PostmanRuntime/7.29.2"
::1 - - [04/Apr/2023:09:16:09 +0000] "POST /api/admin/add-image-user?id=12 HTTP/1.1" 200 53 "-" "PostmanRuntime/7.29.2"
::1 - - [04/Apr/2023:09:16:39 +0000] "POST /api/admin/add-image-user?id=12 HTTP/1.1" 200 53 "-" "PostmanRuntime/7.29.2"
::1 - - [04/Apr/2023:09:19:10 +0000] "POST /api/admin/add-image-user/102 HTTP/1.1" 200 53 "-" "PostmanRuntime/7.29.2"
::1 - - [04/Apr/2023:09:20:58 +0000] "POST /api/admin/create-user HTTP/1.1" 200 477 "-" "PostmanRuntime/7.29.2"
::1 - - [04/Apr/2023:09:22:21 +0000] "POST /api/auth/login HTTP/1.1" 200 778 "-" "PostmanRuntime/7.29.2"
::1 - - [04/Apr/2023:09:23:11 +0000] "POST /api/admin/create-user HTTP/1.1" 200 479 "-" "PostmanRuntime/7.29.2"
::1 - - [04/Apr/2023:09:23:24 +0000] "POST /api/admin/add-image-user/642bec7ffbc8855ce675d066 HTTP/1.1" 401 80 "-" "PostmanRuntime/7.29.2"
::1 - - [04/Apr/2023:09:23:39 +0000] "POST /api/admin/add-image-user/642bec7ffbc8855ce675d066 HTTP/1.1" 200 53 "-" "PostmanRuntime/7.29.2"
::1 - - [04/Apr/2023:09:25:40 +0000] "POST /api/admin/add-image-user/642bec7ffbc8855ce675d06 HTTP/1.1" 500 319 "-" "PostmanRuntime/7.29.2"
::1 - - [04/Apr/2023:09:25:50 +0000] "POST /api/admin/add-image-user/642bec7ffbc8855ce675d06 HTTP/1.1" 500 319 "-" "PostmanRuntime/7.29.2"
::1 - - [04/Apr/2023:09:26:24 +0000] "POST /api/admin/add-image-user/642bec7ffbc8855ce675d066 HTTP/1.1" 200 53 "-" "PostmanRuntime/7.29.2"
::1 - - [04/Apr/2023:09:26:30 +0000] "POST /api/admin/add-image-user/642bec7ffbc8855ce675d06 HTTP/1.1" 500 319 "-" "PostmanRuntime/7.29.2"
::1 - - [04/Apr/2023:09:26:35 +0000] "POST /api/admin/add-image-user/642bec7ffbc8855ce675d06 HTTP/1.1" 500 319 "-" "PostmanRuntime/7.29.2"
::1 - - [04/Apr/2023:09:27:29 +0000] "POST /api/admin/add-image-user/642bec7ffbc8855ce675d067 HTTP/1.1" 200 58 "-" "PostmanRuntime/7.29.2"
::1 - - [04/Apr/2023:09:34:19 +0000] "POST /api/admin/add-image-user/642bebfa76201a01c75821ea HTTP/1.1" 500 151 "-" "PostmanRuntime/7.29.2"
::1 - - [04/Apr/2023:09:34:44 +0000] "POST /api/admin/add-image-user/642bebfa76201a01c75821ea HTTP/1.1" 200 53 "-" "PostmanRuntime/7.29.2"
::1 - - [04/Apr/2023:10:04:13 +0000] "POST /api/admin/add-image-user/642bec7ffbc8855ce675d066 HTTP/1.1" 500 35 "-" "PostmanRuntime/7.29.2"
::1 - - [04/Apr/2023:10:05:10 +0000] "POST /api/admin/add-image-user/642bec7ffbc8855ce675d066 HTTP/1.1" 500 35 "-" "PostmanRuntime/7.29.2"
::1 - - [05/Apr/2023:04:17:07 +0000] "POST /api/test HTTP/1.1" 200 443 "-" "PostmanRuntime/7.29.2"
::1 - - [05/Apr/2023:04:17:55 +0000] "POST /api/test HTTP/1.1" 200 443 "-" "PostmanRuntime/7.29.2"
::1 - - [05/Apr/2023:04:19:04 +0000] "POST /api/test HTTP/1.1" 200 443 "-" "PostmanRuntime/7.29.2"
::1 - - [05/Apr/2023:04:24:20 +0000] "POST /api/test HTTP/1.1" 200 53 "-" "PostmanRuntime/7.29.2"
::1 - - [05/Apr/2023:04:24:41 +0000] "POST /api/test HTTP/1.1" 200 53 "-" "PostmanRuntime/7.29.2"
::1 - - [05/Apr/2023:04:25:03 +0000] "POST /api/test HTTP/1.1" 200 53 "-" "PostmanRuntime/7.29.2"
::1 - - [05/Apr/2023:04:25:12 +0000] "POST /api/test HTTP/1.1" 200 53 "-" "PostmanRuntime/7.29.2"
::1 - - [05/Apr/2023:04:25:13 +0000] "POST /api/test HTTP/1.1" 200 53 "-" "PostmanRuntime/7.29.2"
::1 - - [05/Apr/2023:04:25:14 +0000] "POST /api/test HTTP/1.1" 200 53 "-" "PostmanRuntime/7.29.2"
::1 - - [05/Apr/2023:04:25:14 +0000] "POST /api/test HTTP/1.1" 200 53 "-" "PostmanRuntime/7.29.2"
::1 - - [05/Apr/2023:04:25:45 +0000] "POST /api/test HTTP/1.1" 200 441 "-" "PostmanRuntime/7.29.2"
::1 - - [05/Apr/2023:04:26:07 +0000] "POST /api/test HTTP/1.1" 200 830 "-" "PostmanRuntime/7.29.2"
::1 - - [05/Apr/2023:04:26:17 +0000] "POST /api/test HTTP/1.1" 200 830 "-" "PostmanRuntime/7.29.2"
